<?xml version="1.0" encoding="UTF-8"?>
<!-- Generated by org.testng.reporters.JUnitReportReporter -->
<testsuite hostname="NBG-ENG-050" failures="0" tests="1" name="test.TestPage" time="6.696" errors="0" timestamp="2021-07-19T14:58:23 CEST" skipped="0">
  <testcase classname="test.TestPage" name="testSportBettingPage" time="6.696"/>
</testsuite> <!-- test.TestPage -->
